  Cedula.cpp
  Fecha.cpp
  Lista.cpp
C:\Users\Erick\Desktop\Proyecto l Parcial\Proyecto l Parcial\Lista.cpp(69,24): warning C4018: '<': no coinciden signed/unsigned
C:\Users\Erick\Desktop\Proyecto l Parcial\Proyecto l Parcial\Lista.cpp(72,24): warning C4018: '<': no coinciden signed/unsigned
C:\Users\Erick\Desktop\Proyecto l Parcial\Proyecto l Parcial\Lista.cpp(75,24): warning C4018: '<': no coinciden signed/unsigned
C:\Users\Erick\Desktop\Proyecto l Parcial\Proyecto l Parcial\Lista.cpp(81,24): warning C4018: '<': no coinciden signed/unsigned
C:\Users\Erick\Desktop\Proyecto l Parcial\Proyecto l Parcial\Lista.cpp(84,24): warning C4018: '<': no coinciden signed/unsigned
C:\Users\Erick\Desktop\Proyecto l Parcial\Proyecto l Parcial\Lista.cpp(88,24): warning C4018: '<': no coinciden signed/unsigned
C:\Users\Erick\Desktop\Proyecto l Parcial\Proyecto l Parcial\Lista.cpp(103,21): warning C4018: '<': no coinciden signed/unsigned
C:\Users\Erick\Desktop\Proyecto l Parcial\Proyecto l Parcial\Lista.cpp(106,21): warning C4018: '<': no coinciden signed/unsigned
C:\Users\Erick\Desktop\Proyecto l Parcial\Proyecto l Parcial\Lista.cpp(109,21): warning C4018: '<': no coinciden signed/unsigned
  main.cpp
  Nodo.cpp
  Persona.cpp
C:\Users\Erick\Desktop\Proyecto l Parcial\Proyecto l Parcial\Persona.cpp(25,20): warning C4018: '<': no coinciden signed/unsigned
C:\Users\Erick\Desktop\Proyecto l Parcial\Proyecto l Parcial\Persona.cpp(46,20): warning C4018: '<': no coinciden signed/unsigned
  Generando código...
C:\Users\Erick\Desktop\Proyecto l Parcial\Proyecto l Parcial\Persona.cpp(55): warning C4715: 'Persona::getApellido': no todas las rutas de acceso de control devuelven un valor
  Proyecto l Parcial.vcxproj -> C:\Users\Erick\Desktop\Proyecto l Parcial\Debug\Proyecto l Parcial.exe
